<?xml version="1.0" encoding="UTF-8"?>
<testsuite name="com.example.springbootpractice.ioc.ChefTest" tests="1" skipped="0" failures="0" errors="0" timestamp="2022-02-09T06:54:36" hostname="DESKTOP-R6IF874" time="0.024">
  <properties/>
  <testcase name="스테이크_요리하기()" classname="com.example.springbootpractice.ioc.ChefTest" time="0.024"/>
  <system-out><![CDATA[한우 꽃등심으로 만든 스테이크
]]></system-out>
  <system-err><![CDATA[]]></system-err>
</testsuite>
